[debug] [2023-03-28T20:24:49.553Z] ----------------------------------------------------------------------
[debug] [2023-03-28T20:24:49.555Z] Command:       C:\Program Files\nodejs\node.exe C:\Users\mfvl1\AppData\Roaming\npm\node_modules\firebase-tools\lib\bin\firebase.js serve
[debug] [2023-03-28T20:24:49.556Z] CLI Version:   11.25.1
[debug] [2023-03-28T20:24:49.556Z] Platform:      win32
[debug] [2023-03-28T20:24:49.556Z] Node Version:  v18.14.2
[debug] [2023-03-28T20:24:49.557Z] Time:          Tue Mar 28 2023 17:24:49 GMT-0300 (hora de verano de Chile)
[debug] [2023-03-28T20:24:49.557Z] ----------------------------------------------------------------------
[debug] 
[debug] [2023-03-28T20:24:49.703Z] > command requires scopes: ["email","openid","https://www.googleapis.com/auth/cloudplatformprojects.readonly","https://www.googleapis.com/auth/firebase","https://www.googleapis.com/auth/cloud-platform"]
[debug] [2023-03-28T20:24:49.704Z] > authorizing via signed-in user (outsy.gxm@gmail.com)
[debug] [2023-03-28T20:24:49.704Z] [iam] checking project outsy-mxg for permissions ["firebase.projects.get"]
[debug] [2023-03-28T20:24:49.707Z] >>> [apiv2][query] POST https://cloudresourcemanager.googleapis.com/v1/projects/outsy-mxg:testIamPermissions [none]
[debug] [2023-03-28T20:24:49.708Z] >>> [apiv2][(partial)header] POST https://cloudresourcemanager.googleapis.com/v1/projects/outsy-mxg:testIamPermissions x-goog-quota-user=projects/outsy-mxg
[debug] [2023-03-28T20:24:49.708Z] >>> [apiv2][body] POST https://cloudresourcemanager.googleapis.com/v1/projects/outsy-mxg:testIamPermissions {"permissions":["firebase.projects.get"]}
[debug] [2023-03-28T20:24:50.620Z] <<< [apiv2][status] POST https://cloudresourcemanager.googleapis.com/v1/projects/outsy-mxg:testIamPermissions 200
[debug] [2023-03-28T20:24:50.620Z] <<< [apiv2][body] POST https://cloudresourcemanager.googleapis.com/v1/projects/outsy-mxg:testIamPermissions {"permissions":["firebase.projects.get"]}
[debug] [2023-03-28T20:24:50.622Z] >>> [apiv2][query] GET https://firebase.googleapis.com/v1beta1/projects/outsy-mxg [none]
[debug] [2023-03-28T20:24:50.953Z] <<< [apiv2][status] GET https://firebase.googleapis.com/v1beta1/projects/outsy-mxg 200
[debug] [2023-03-28T20:24:50.953Z] <<< [apiv2][body] GET https://firebase.googleapis.com/v1beta1/projects/outsy-mxg {"projectId":"outsy-mxg","projectNumber":"1058170420655","displayName":"Outsy","name":"projects/outsy-mxg","resources":{"hostingSite":"outsy-mxg","realtimeDatabaseInstance":"outsy-mxg-default-rtdb"},"state":"ACTIVE","etag":"1_15cb20af-30ba-4249-b500-467c291386b3"}
[info] 
[info] === Serving from 'C:\Users\mfvl1\BootcampLaboratoria\Social-Network'...
[info] 
[debug] [2023-03-28T20:24:50.962Z] >>> [apiv2][query] GET https://firebasehosting.googleapis.com/v1beta1/projects/outsy-mxg/sites 
[debug] [2023-03-28T20:24:52.178Z] <<< [apiv2][status] GET https://firebasehosting.googleapis.com/v1beta1/projects/outsy-mxg/sites 200
[debug] [2023-03-28T20:24:52.178Z] <<< [apiv2][body] GET https://firebasehosting.googleapis.com/v1beta1/projects/outsy-mxg/sites {"sites":[{"name":"projects/outsy-mxg/sites/outsy","defaultUrl":"https://outsy.web.app","appId":"1:1058170420655:web:06d17c4cc4440b35d0035a","type":"USER_SITE"},{"name":"projects/outsy-mxg/sites/outsy-mxg","defaultUrl":"https://outsy-mxg.web.app","type":"DEFAULT_SITE"}]}
[debug] [2023-03-28T20:24:52.178Z] >>> [apiv2][query] GET https://firebase.googleapis.com/v1beta1/projects/outsy-mxg/webApps/-/config [none]
[debug] [2023-03-28T20:24:53.085Z] <<< [apiv2][status] GET https://firebase.googleapis.com/v1beta1/projects/outsy-mxg/webApps/-/config 200
[debug] [2023-03-28T20:24:53.086Z] <<< [apiv2][body] GET https://firebase.googleapis.com/v1beta1/projects/outsy-mxg/webApps/-/config {"projectId":"outsy-mxg","appId":"1:1058170420655:web:06d17c4cc4440b35d0035a","databaseURL":"https://outsy-mxg-default-rtdb.firebaseio.com","storageBucket":"outsy-mxg.appspot.com","apiKey":"AIzaSyAMoIZnaqiWN7MrGggAkrPwJqTMUN-_xXE","authDomain":"outsy-mxg.firebaseapp.com","messagingSenderId":"1058170420655","measurementId":"G-MF6SX17B18"}
[debug] [2023-03-28T20:24:53.091Z] >>> [apiv2][query] GET https://firebase.googleapis.com/v1beta1/projects/outsy-mxg [none]
[debug] [2023-03-28T20:24:53.396Z] <<< [apiv2][status] GET https://firebase.googleapis.com/v1beta1/projects/outsy-mxg 200
[debug] [2023-03-28T20:24:53.396Z] <<< [apiv2][body] GET https://firebase.googleapis.com/v1beta1/projects/outsy-mxg {"projectId":"outsy-mxg","projectNumber":"1058170420655","displayName":"Outsy","name":"projects/outsy-mxg","resources":{"hostingSite":"outsy-mxg","realtimeDatabaseInstance":"outsy-mxg-default-rtdb"},"state":"ACTIVE","etag":"1_15cb20af-30ba-4249-b500-467c291386b3"}
[info] i  hosting[outsy]: Serving hosting files from: src {"metadata":{"emulator":{"name":"hosting"},"message":"Serving hosting files from: \u001b[1msrc\u001b[22m"}}
[info] +  hosting[outsy]: Local server: http://localhost:5000 {"metadata":{"emulator":{"name":"hosting"},"message":"Local server: \u001b[4m\u001b[1mhttp://localhost:5000\u001b[22m\u001b[24m"}}
[info] i  hosting: ::1 - - [28/Mar/2023:20:25:22 +0000] "GET / HTTP/1.1" 200 - "-" "Mozilla/5.0 (Windows NT 10.0; Win64; x64; rv:109.0) Gecko/20100101 Firefox/111.0" {"metadata":{"emulator":{"name":"hosting"},"message":"::1 - - [28/Mar/2023:20:25:22 +0000] \"GET / HTTP/1.1\" 200 - \"-\" \"Mozilla/5.0 (Windows NT 10.0; Win64; x64; rv:109.0) Gecko/20100101 Firefox/111.0\""}}
[info] i  hosting: ::1 - - [28/Mar/2023:20:25:22 +0000] "GET /main.js HTTP/1.1" 200 - "http://localhost:5000/" "Mozilla/5.0 (Windows NT 10.0; Win64; x64; rv:109.0) Gecko/20100101 Firefox/111.0" {"metadata":{"emulator":{"name":"hosting"},"message":"::1 - - [28/Mar/2023:20:25:22 +0000] \"GET /main.js HTTP/1.1\" 200 - \"http://localhost:5000/\" \"Mozilla/5.0 (Windows NT 10.0; Win64; x64; rv:109.0) Gecko/20100101 Firefox/111.0\""}}
[info] i  hosting: ::1 - - [28/Mar/2023:20:25:22 +0000] "GET /css/style.css HTTP/1.1" 200 - "http://localhost:5000/" "Mozilla/5.0 (Windows NT 10.0; Win64; x64; rv:109.0) Gecko/20100101 Firefox/111.0" {"metadata":{"emulator":{"name":"hosting"},"message":"::1 - - [28/Mar/2023:20:25:22 +0000] \"GET /css/style.css HTTP/1.1\" 200 - \"http://localhost:5000/\" \"Mozilla/5.0 (Windows NT 10.0; Win64; x64; rv:109.0) Gecko/20100101 Firefox/111.0\""}}
[info] i  hosting: ::1 - - [28/Mar/2023:20:25:22 +0000] "GET /lib/barrel.js HTTP/1.1" 200 - "http://localhost:5000/main.js" "Mozilla/5.0 (Windows NT 10.0; Win64; x64; rv:109.0) Gecko/20100101 Firefox/111.0" {"metadata":{"emulator":{"name":"hosting"},"message":"::1 - - [28/Mar/2023:20:25:22 +0000] \"GET /lib/barrel.js HTTP/1.1\" 200 - \"http://localhost:5000/main.js\" \"Mozilla/5.0 (Windows NT 10.0; Win64; x64; rv:109.0) Gecko/20100101 Firefox/111.0\""}}
[info] i  hosting: ::1 - - [28/Mar/2023:20:25:22 +0000] "GET /router/router.js HTTP/1.1" 200 873 "http://localhost:5000/main.js" "Mozilla/5.0 (Windows NT 10.0; Win64; x64; rv:109.0) Gecko/20100101 Firefox/111.0" {"metadata":{"emulator":{"name":"hosting"},"message":"::1 - - [28/Mar/2023:20:25:22 +0000] \"GET /router/router.js HTTP/1.1\" 200 873 \"http://localhost:5000/main.js\" \"Mozilla/5.0 (Windows NT 10.0; Win64; x64; rv:109.0) Gecko/20100101 Firefox/111.0\""}}
[info] i  hosting: ::1 - - [28/Mar/2023:20:25:22 +0000] "GET /router/routes.js HTTP/1.1" 200 - "http://localhost:5000/main.js" "Mozilla/5.0 (Windows NT 10.0; Win64; x64; rv:109.0) Gecko/20100101 Firefox/111.0" {"metadata":{"emulator":{"name":"hosting"},"message":"::1 - - [28/Mar/2023:20:25:22 +0000] \"GET /router/routes.js HTTP/1.1\" 200 - \"http://localhost:5000/main.js\" \"Mozilla/5.0 (Windows NT 10.0; Win64; x64; rv:109.0) Gecko/20100101 Firefox/111.0\""}}
[info] i  hosting: ::1 - - [28/Mar/2023:20:25:23 +0000] "GET /views/home.js HTTP/1.1" 200 - "http://localhost:5000/router/routes.js" "Mozilla/5.0 (Windows NT 10.0; Win64; x64; rv:109.0) Gecko/20100101 Firefox/111.0" {"metadata":{"emulator":{"name":"hosting"},"message":"::1 - - [28/Mar/2023:20:25:23 +0000] \"GET /views/home.js HTTP/1.1\" 200 - \"http://localhost:5000/router/routes.js\" \"Mozilla/5.0 (Windows NT 10.0; Win64; x64; rv:109.0) Gecko/20100101 Firefox/111.0\""}}
[info] i  hosting: ::1 - - [28/Mar/2023:20:25:23 +0000] "GET /views/sign-up.js HTTP/1.1" 200 - "http://localhost:5000/router/routes.js" "Mozilla/5.0 (Windows NT 10.0; Win64; x64; rv:109.0) Gecko/20100101 Firefox/111.0" {"metadata":{"emulator":{"name":"hosting"},"message":"::1 - - [28/Mar/2023:20:25:23 +0000] \"GET /views/sign-up.js HTTP/1.1\" 200 - \"http://localhost:5000/router/routes.js\" \"Mozilla/5.0 (Windows NT 10.0; Win64; x64; rv:109.0) Gecko/20100101 Firefox/111.0\""}}
[info] i  hosting: ::1 - - [28/Mar/2023:20:25:23 +0000] "GET /views/sign-in.js HTTP/1.1" 200 - "http://localhost:5000/router/routes.js" "Mozilla/5.0 (Windows NT 10.0; Win64; x64; rv:109.0) Gecko/20100101 Firefox/111.0" {"metadata":{"emulator":{"name":"hosting"},"message":"::1 - - [28/Mar/2023:20:25:23 +0000] \"GET /views/sign-in.js HTTP/1.1\" 200 - \"http://localhost:5000/router/routes.js\" \"Mozilla/5.0 (Windows NT 10.0; Win64; x64; rv:109.0) Gecko/20100101 Firefox/111.0\""}}
[info] i  hosting: ::1 - - [28/Mar/2023:20:25:23 +0000] "GET /views/about.js HTTP/1.1" 200 - "http://localhost:5000/router/routes.js" "Mozilla/5.0 (Windows NT 10.0; Win64; x64; rv:109.0) Gecko/20100101 Firefox/111.0" {"metadata":{"emulator":{"name":"hosting"},"message":"::1 - - [28/Mar/2023:20:25:23 +0000] \"GET /views/about.js HTTP/1.1\" 200 - \"http://localhost:5000/router/routes.js\" \"Mozilla/5.0 (Windows NT 10.0; Win64; x64; rv:109.0) Gecko/20100101 Firefox/111.0\""}}
[info] i  hosting: ::1 - - [28/Mar/2023:20:25:23 +0000] "GET /views/post-edit.js HTTP/1.1" 200 773 "http://localhost:5000/router/routes.js" "Mozilla/5.0 (Windows NT 10.0; Win64; x64; rv:109.0) Gecko/20100101 Firefox/111.0" {"metadata":{"emulator":{"name":"hosting"},"message":"::1 - - [28/Mar/2023:20:25:23 +0000] \"GET /views/post-edit.js HTTP/1.1\" 200 773 \"http://localhost:5000/router/routes.js\" \"Mozilla/5.0 (Windows NT 10.0; Win64; x64; rv:109.0) Gecko/20100101 Firefox/111.0\""}}
[info] i  hosting: ::1 - - [28/Mar/2023:20:25:23 +0000] "GET /views/feed.js HTTP/1.1" 200 - "http://localhost:5000/router/routes.js" "Mozilla/5.0 (Windows NT 10.0; Win64; x64; rv:109.0) Gecko/20100101 Firefox/111.0" {"metadata":{"emulator":{"name":"hosting"},"message":"::1 - - [28/Mar/2023:20:25:23 +0000] \"GET /views/feed.js HTTP/1.1\" 200 - \"http://localhost:5000/router/routes.js\" \"Mozilla/5.0 (Windows NT 10.0; Win64; x64; rv:109.0) Gecko/20100101 Firefox/111.0\""}}
[info] i  hosting: ::1 - - [28/Mar/2023:20:25:23 +0000] "GET /views/post-detail.js HTTP/1.1" 200 - "http://localhost:5000/router/routes.js" "Mozilla/5.0 (Windows NT 10.0; Win64; x64; rv:109.0) Gecko/20100101 Firefox/111.0" {"metadata":{"emulator":{"name":"hosting"},"message":"::1 - - [28/Mar/2023:20:25:23 +0000] \"GET /views/post-detail.js HTTP/1.1\" 200 - \"http://localhost:5000/router/routes.js\" \"Mozilla/5.0 (Windows NT 10.0; Win64; x64; rv:109.0) Gecko/20100101 Firefox/111.0\""}}
[info] i  hosting: ::1 - - [28/Mar/2023:20:25:23 +0000] "GET /views/profile.js HTTP/1.1" 200 - "http://localhost:5000/router/routes.js" "Mozilla/5.0 (Windows NT 10.0; Win64; x64; rv:109.0) Gecko/20100101 Firefox/111.0" {"metadata":{"emulator":{"name":"hosting"},"message":"::1 - - [28/Mar/2023:20:25:23 +0000] \"GET /views/profile.js HTTP/1.1\" 200 - \"http://localhost:5000/router/routes.js\" \"Mozilla/5.0 (Windows NT 10.0; Win64; x64; rv:109.0) Gecko/20100101 Firefox/111.0\""}}
[info] i  hosting: ::1 - - [28/Mar/2023:20:25:23 +0000] "GET /lib/emailAuth.js HTTP/1.1" 200 - "http://localhost:5000/lib/barrel.js" "Mozilla/5.0 (Windows NT 10.0; Win64; x64; rv:109.0) Gecko/20100101 Firefox/111.0" {"metadata":{"emulator":{"name":"hosting"},"message":"::1 - - [28/Mar/2023:20:25:23 +0000] \"GET /lib/emailAuth.js HTTP/1.1\" 200 - \"http://localhost:5000/lib/barrel.js\" \"Mozilla/5.0 (Windows NT 10.0; Win64; x64; rv:109.0) Gecko/20100101 Firefox/111.0\""}}
[info] i  hosting: ::1 - - [28/Mar/2023:20:25:24 +0000] "GET /images/2.png HTTP/1.1" 200 4185222 "http://localhost:5000/" "Mozilla/5.0 (Windows NT 10.0; Win64; x64; rv:109.0) Gecko/20100101 Firefox/111.0" {"metadata":{"emulator":{"name":"hosting"},"message":"::1 - - [28/Mar/2023:20:25:24 +0000] \"GET /images/2.png HTTP/1.1\" 200 4185222 \"http://localhost:5000/\" \"Mozilla/5.0 (Windows NT 10.0; Win64; x64; rv:109.0) Gecko/20100101 Firefox/111.0\""}}
[info] i  hosting: ::1 - - [28/Mar/2023:20:25:24 +0000] "GET /favicon.ico HTTP/1.1" 200 - "http://localhost:5000/" "Mozilla/5.0 (Windows NT 10.0; Win64; x64; rv:109.0) Gecko/20100101 Firefox/111.0" {"metadata":{"emulator":{"name":"hosting"},"message":"::1 - - [28/Mar/2023:20:25:24 +0000] \"GET /favicon.ico HTTP/1.1\" 200 - \"http://localhost:5000/\" \"Mozilla/5.0 (Windows NT 10.0; Win64; x64; rv:109.0) Gecko/20100101 Firefox/111.0\""}}
